<?xml version="1.0" encoding="UTF-8"?>
<!-- Generated by org.testng.reporters.JUnitXMLReporter -->
<testsuite ignored="1" hostname="ITEM-90272" failures="0" tests="1" name="carloan" time="0.007" errors="0" timestamp="2020-06-14T17:19:38 IST">
  <testcase classname="Projectmaven.mavenstarting.first3" name="mobilecarloan" time="0.003"/>
  <testcase classname="Projectmaven.mavenstarting.first3" name="webcarloan" time="0.0">
    <ignored/>
  </testcase> <!-- webcarloan -->
</testsuite> <!-- carloan -->
