<?xml version="1.0" encoding="UTF-8"?>
<!-- Generated by org.testng.reporters.JUnitXMLReporter -->
<testsuite ignored="1" hostname="ITEM-90272" failures="0" tests="3" name="Test" time="0.105" errors="0" timestamp="2020-08-28T08:46:38 IST">
  <testcase classname="TestCases.Testnj" name="Second" time="0.015"/>
  <testcase classname="TestCases.Testnj" name="SignIn" time="0.003"/>
  <testcase classname="TestCases.Testnj" name="First" time="0.002"/>
  <testcase classname="TestCases.Testnj" name="SignOut" time="0.0">
    <ignored/>
  </testcase> <!-- SignOut -->
</testsuite> <!-- Test -->
