<?xml version="1.0" encoding="UTF-8"?>
<testng-results ignored="1" total="4" passed="3" failed="0" skipped="0">
  <reporter-output>
    <line>
      <![CDATA[Hello how are you ]]>
    </line>
  </reporter-output>
  <suite started-at="2020-08-28T08:46:38 IST" name="Suite" finished-at="2020-08-28T08:46:38 IST" duration-ms="105">
    <groups>
      <group name="Run">
        <method signature="Testnj.First()[pri:1, instance:TestCases.Testnj@2ddc8ecb]" name="First" class="TestCases.Testnj"/>
        <method signature="Testnj.SignIn()[pri:0, instance:TestCases.Testnj@2ddc8ecb]" name="SignIn" class="TestCases.Testnj"/>
      </group> <!-- Run -->
    </groups>
    <test started-at="2020-08-28T08:46:38 IST" name="Test" finished-at="2020-08-28T08:46:38 IST" duration-ms="105">
      <class name="TestCases.Testnj">
        <test-method signature="Second()[pri:0, instance:TestCases.Testnj@2ddc8ecb]" started-at="2020-08-28T08:46:38 IST" name="Second" finished-at="2020-08-28T08:46:38 IST" duration-ms="15" status="PASS">
          <reporter-output>
            <line>
              <![CDATA[Hello how are you ]]>
            </line>
          </reporter-output>
        </test-method> <!-- Second -->
        <test-method signature="SignIn()[pri:0, instance:TestCases.Testnj@2ddc8ecb]" started-at="2020-08-28T08:46:38 IST" name="SignIn" finished-at="2020-08-28T08:46:38 IST" duration-ms="3" status="PASS">
          <reporter-output>
          </reporter-output>
        </test-method> <!-- SignIn -->
        <test-method signature="First()[pri:1, instance:TestCases.Testnj@2ddc8ecb]" started-at="2020-08-28T08:46:38 IST" name="First" finished-at="2020-08-28T08:46:38 IST" depends-on-methods="TestCases.Testnj.Second" duration-ms="2" status="PASS">
          <reporter-output>
          </reporter-output>
        </test-method> <!-- First -->
      </class> <!-- TestCases.Testnj -->
    </test> <!-- Test -->
  </suite> <!-- Suite -->
</testng-results>
